"docker build" requires exactly 1 argument(s).
See 'docker build --help'.

Usage:  docker build [OPTIONS] PATH | URL | -

Build an image from a Dockerfile
Sending build context to Docker daemon   7.68kB
Step 1/5 : FROM maven:3.5-jdk-8-alpine
3.5-jdk-8-alpine: Pulling from library/maven
88286f41530e: Already exists
720349d0916a: Already exists
42a4b3080d3c: Already exists
19339dd2b25d: Pulling fs layer
3f1488f15936: Pulling fs layer
7e0d20e882de: Pulling fs layer
1fd2c1d607ab: Pulling fs layer
1fd2c1d607ab: Waiting
7e0d20e882de: Download complete
1fd2c1d607ab: Download complete
19339dd2b25d: Verifying Checksum
19339dd2b25d: Download complete
19339dd2b25d: Pull complete
3f1488f15936: Verifying Checksum
3f1488f15936: Download complete
3f1488f15936: Pull complete
7e0d20e882de: Pull complete
1fd2c1d607ab: Pull complete
Digest: sha256:14ec7780a967c0e3936dedb026dd038756e671cebcd23f32cc84cb7ccdeb41de
Status: Downloaded newer image for maven:3.5-jdk-8-alpine
 ---> 41adb9297c68
Step 2/5 : RUN apk add --no-cache zip git
 ---> Running in c3b0ca152d8b
fetch http://dl-cdn.alpinelinux.org/alpine/v3.6/main/x86_64/APKINDEX.tar.gz
fetch http://dl-cdn.alpinelinux.org/alpine/v3.6/community/x86_64/APKINDEX.tar.gz
(1/4) Installing expat (2.2.0-r1)
(2/4) Installing pcre (8.41-r0)
(3/4) Installing git (2.13.5-r0)
(4/4) Installing zip (3.0-r4)
Executing busybox-1.26.2-r5.trigger
OK: 129 MiB in 64 packages
 ---> 8b732e4da89a
Removing intermediate container c3b0ca152d8b
Step 3/5 : VOLUME /home/build
 ---> Running in 077bb9549af3
 ---> bbfedd919ec4
Removing intermediate container 077bb9549af3
Step 4/5 : WORKDIR /home/build
 ---> 34ddb30ec4f9
Removing intermediate container 707a514dbe42
Step 5/5 : ENTRYPOINT /bin/bash entrypoint.sh
 ---> Running in 43c7549b43a8
 ---> 4005aab3dcb3
Removing intermediate container 43c7549b43a8
Successfully built 4005aab3dcb3
Successfully tagged oar-dist-service/build-test:latest
Sending build context to Docker daemon   7.68kB
Step 1/5 : FROM maven:3.5-jdk-8-alpine
 ---> 41adb9297c68
Step 2/5 : RUN apk add --no-cache zip git
 ---> Using cache
 ---> 8b732e4da89a
Step 3/5 : VOLUME /home/build
 ---> Using cache
 ---> bbfedd919ec4
Step 4/5 : WORKDIR /home/build
 ---> Using cache
 ---> 34ddb30ec4f9
Step 5/5 : ENTRYPOINT /bin/bash entrypoint.sh
 ---> Using cache
 ---> 4005aab3dcb3
Successfully built 4005aab3dcb3
Successfully tagged oar-dist-service/build-test:latest
Sending build context to Docker daemon   7.68kB
Step 1/6 : FROM maven:3.5-jdk-8-alpine
 ---> 41adb9297c68
Step 2/6 : RUN apk add --no-cache zip git
 ---> Using cache
 ---> 8b732e4da89a
Step 3/6 : COPY entrypoint.sh /home/entrypoint.sh
 ---> 4c9c69672e9b
Removing intermediate container 90d9962363e4
Step 4/6 : VOLUME /home/build
 ---> Running in a297ab80349d
 ---> 7a7e9c011aae
Removing intermediate container a297ab80349d
Step 5/6 : WORKDIR /home/build
 ---> edab7f10b5cb
Removing intermediate container 2c2742b2720a
Step 6/6 : ENTRYPOINT /bin/bash /home/entrypoint.sh
 ---> Running in 553c2163a611
 ---> 809aa83bda01
Removing intermediate container 553c2163a611
Successfully built 809aa83bda01
Successfully tagged oar-dist-service/build-test:latest
Sending build context to Docker daemon   7.68kB
Step 1/6 : FROM maven:3.5-jdk-8-alpine
 ---> 41adb9297c68
Step 2/6 : RUN apk add --no-cache zip git
 ---> Using cache
 ---> 8b732e4da89a
Step 3/6 : COPY entrypoint.sh /home/entrypoint.sh
 ---> Using cache
 ---> 4c9c69672e9b
Step 4/6 : VOLUME /home/build
 ---> Using cache
 ---> 7a7e9c011aae
Step 5/6 : WORKDIR /home/build
 ---> Using cache
 ---> edab7f10b5cb
Step 6/6 : ENTRYPOINT /bin/bash /home/entrypoint.sh
 ---> Using cache
 ---> 809aa83bda01
Successfully built 809aa83bda01
Successfully tagged oar-dist-service/build-test:latest
